[debug] [2022-05-31T20:06:41.171Z] ----------------------------------------------------------------------
[debug] [2022-05-31T20:06:41.173Z] Command:       C:\Program Files\nodejs\node.exe C:\Users\l-hug\AppData\Roaming\npm\node_modules\firebase-tools\lib\bin\firebase.js init
[debug] [2022-05-31T20:06:41.173Z] CLI Version:   11.0.1
[debug] [2022-05-31T20:06:41.174Z] Platform:      win32
[debug] [2022-05-31T20:06:41.174Z] Node Version:  v16.15.0
[debug] [2022-05-31T20:06:41.185Z] Time:          Tue May 31 2022 17:06:41 GMT-0300 (Brasilia Standard Time)
[debug] [2022-05-31T20:06:41.185Z] ----------------------------------------------------------------------
[debug] 
[debug] [2022-05-31T20:06:41.191Z] >>> [apiv2][query] GET https://firebase-public.firebaseio.com/cli.json [none]
[debug] [2022-05-31T20:06:41.219Z] > command requires scopes: ["email","openid","https://www.googleapis.com/auth/cloudplatformprojects.readonly","https://www.googleapis.com/auth/firebase","https://www.googleapis.com/auth/cloud-platform"]
[debug] [2022-05-31T20:06:41.219Z] > authorizing via signed-in user (lucashuguenin0@gmail.com)
[info] 
     ######## #### ########  ######## ########     ###     ######  ########
     ##        ##  ##     ## ##       ##     ##  ##   ##  ##       ##
     ######    ##  ########  ######   ########  #########  ######  ######
     ##        ##  ##    ##  ##       ##     ## ##     ##       ## ##
     ##       #### ##     ## ######## ########  ##     ##  ######  ########

You're about to initialize a Firebase project in this directory:

  C:\Users\l-hug\Lucas\Projects\my_website

[debug] [2022-05-31T20:06:41.806Z] <<< [apiv2][status] GET https://firebase-public.firebaseio.com/cli.json 200
[debug] [2022-05-31T20:06:41.806Z] <<< [apiv2][body] GET https://firebase-public.firebaseio.com/cli.json {"cloudBuildErrorAfter":1594252800000,"cloudBuildWarnAfter":1590019200000,"defaultNode10After":1594252800000,"minVersion":"3.0.5","node8DeploysDisabledAfter":1613390400000,"node8RuntimeDisabledAfter":1615809600000,"node8WarnAfter":1600128000000}
